-------------------------------------------------------------------------------
Test set: com.platinum.steps.RunCucumberTest
-------------------------------------------------------------------------------
Tests run: 3, Failures: 0, Errors: 1, Skipped: 0, Time elapsed: 10.16 s <<< FAILURE! -- in com.platinum.steps.RunCucumberTest
Búsqueda y visualización de carrera en el sitio de IPLACEX.Buscar y visualizar información de Ingeniería en Informática -- Time elapsed: 3.955 s <<< ERROR!
io.cucumber.junit.UndefinedStepException: 
The step 'que estoy en la página principal de IPLACEX' and 7 other step(s) are undefined.
You can implement these steps using the snippet(s) below:

@Given("que estoy en la página principal de IPLACEX")
public void que_estoy_en_la_página_principal_de_iplacex() {
    // Write code here that turns the phrase above into concrete actions
    throw new io.cucumber.java.PendingException();
}
@Given("hago clic en el enlace {string}")
public void hago_clic_en_el_enlace(String string) {
    // Write code here that turns the phrase above into concrete actions
    throw new io.cucumber.java.PendingException();
}
@Given("hago clic en el campo de búsqueda de carreras")
public void hago_clic_en_el_campo_de_búsqueda_de_carreras() {
    // Write code here that turns the phrase above into concrete actions
    throw new io.cucumber.java.PendingException();
}
@Given("escribo {string} en el campo de búsqueda")
public void escribo_en_el_campo_de_búsqueda(String string) {
    // Write code here that turns the phrase above into concrete actions
    throw new io.cucumber.java.PendingException();
}
@Given("presiono Enter para realizar la búsqueda")
public void presiono_enter_para_realizar_la_búsqueda() {
    // Write code here that turns the phrase above into concrete actions
    throw new io.cucumber.java.PendingException();
}
@Then("debería ver los resultados de la carrera {string}")
public void debería_ver_los_resultados_de_la_carrera(String string) {
    // Write code here that turns the phrase above into concrete actions
    throw new io.cucumber.java.PendingException();
}
@When("hago clic en el enlace {string} de Ingeniería en Informática")
public void hago_clic_en_el_enlace_de_ingeniería_en_informática(String string) {
    // Write code here that turns the phrase above into concrete actions
    throw new io.cucumber.java.PendingException();
}
@Then("debería ver la página con información detallada de la carrera")
public void debería_ver_la_página_con_información_detallada_de_la_carrera() {
    // Write code here that turns the phrase above into concrete actions
    throw new io.cucumber.java.PendingException();
}


