<?xml version="1.0" encoding="UTF-8"?>
<testsuite xmlns:xsi="http://www.w3.org/2001/XMLSchema-instance" xsi:noNamespaceSchemaLocation="https://maven.apache.org/surefire/maven-surefire-plugin/xsd/surefire-test-report-3.0.xsd" version="3.0" name="com.platinum.steps.RunCucumberTest" time="10.156" tests="3" errors="1" skipped="0" failures="0">
  <properties>
[...]
</properties>
  <testcase name="Buscar y visualizar información de Ingeniería en Informática" classname="Búsqueda y visualización de carrera en el sitio de IPLACEX" time="3.955">
    <error message="The step &apos;que estoy en la página principal de IPLACEX&apos; and 7 other step(s) are undefined.&#10;You can implement these steps using the snippet(s) below:&#10;&#10;@Given(&quot;que estoy en la página principal de IPLACEX&quot;)&#10;public void que_estoy_en_la_página_principal_de_iplacex() {&#10;    // Write code here that turns the phrase above into concrete actions&#10;    throw new io.cucumber.java.PendingException();&#10;}&#10;@Given(&quot;hago clic en el enlace {string}&quot;)&#10;public void hago_clic_en_el_enlace(String string) {&#10;    // Write code here that turns the phrase above into concrete actions&#10;    throw new io.cucumber.java.PendingException();&#10;}&#10;@Given(&quot;hago clic en el campo de búsqueda de carreras&quot;)&#10;public void hago_clic_en_el_campo_de_búsqueda_de_carreras() {&#10;    // Write code here that turns the phrase above into concrete actions&#10;    throw new io.cucumber.java.PendingException();&#10;}&#10;@Given(&quot;escribo {string} en el campo de búsqueda&quot;)&#10;public void escribo_en_el_campo_de_búsqueda(String string) {&#10;    // Write code here that turns the phrase above into concrete actions&#10;    throw new io.cucumber.java.PendingException();&#10;}&#10;@Given(&quot;presiono Enter para realizar la búsqueda&quot;)&#10;public void presiono_enter_para_realizar_la_búsqueda() {&#10;    // Write code here that turns the phrase above into concrete actions&#10;    throw new io.cucumber.java.PendingException();&#10;}&#10;@Then(&quot;debería ver los resultados de la carrera {string}&quot;)&#10;public void debería_ver_los_resultados_de_la_carrera(String string) {&#10;    // Write code here that turns the phrase above into concrete actions&#10;    throw new io.cucumber.java.PendingException();&#10;}&#10;@When(&quot;hago clic en el enlace {string} de Ingeniería en Informática&quot;)&#10;public void hago_clic_en_el_enlace_de_ingeniería_en_informática(String string) {&#10;    // Write code here that turns the phrase above into concrete actions&#10;    throw new io.cucumber.java.PendingException();&#10;}&#10;@Then(&quot;debería ver la página con información detallada de la carrera&quot;)&#10;public void debería_ver_la_página_con_información_detallada_de_la_carrera() {&#10;    // Write code here that turns the phrase above into concrete actions&#10;    throw new io.cucumber.java.PendingException();&#10;}&#10;" type="io.cucumber.junit.UndefinedStepException"><![CDATA[io.cucumber.junit.UndefinedStepException: 
The step 'que estoy en la página principal de IPLACEX' and 7 other step(s) are undefined.
You can implement these steps using the snippet(s) below:

@Given("que estoy en la página principal de IPLACEX")
public void que_estoy_en_la_página_principal_de_iplacex() {
    // Write code here that turns the phrase above into concrete actions
    throw new io.cucumber.java.PendingException();
}
@Given("hago clic en el enlace {string}")
public void hago_clic_en_el_enlace(String string) {
    // Write code here that turns the phrase above into concrete actions
    throw new io.cucumber.java.PendingException();
}
@Given("hago clic en el campo de búsqueda de carreras")
public void hago_clic_en_el_campo_de_búsqueda_de_carreras() {
    // Write code here that turns the phrase above into concrete actions
    throw new io.cucumber.java.PendingException();
}
@Given("escribo {string} en el campo de búsqueda")
public void escribo_en_el_campo_de_búsqueda(String string) {
    // Write code here that turns the phrase above into concrete actions
    throw new io.cucumber.java.PendingException();
}
@Given("presiono Enter para realizar la búsqueda")
public void presiono_enter_para_realizar_la_búsqueda() {
    // Write code here that turns the phrase above into concrete actions
    throw new io.cucumber.java.PendingException();
}
@Then("debería ver los resultados de la carrera {string}")
public void debería_ver_los_resultados_de_la_carrera(String string) {
    // Write code here that turns the phrase above into concrete actions
    throw new io.cucumber.java.PendingException();
}
@When("hago clic en el enlace {string} de Ingeniería en Informática")
public void hago_clic_en_el_enlace_de_ingeniería_en_informática(String string) {
    // Write code here that turns the phrase above into concrete actions
    throw new io.cucumber.java.PendingException();
}
@Then("debería ver la página con información detallada de la carrera")
public void debería_ver_la_página_con_información_detallada_de_la_carrera() {
    // Write code here that turns the phrase above into concrete actions
    throw new io.cucumber.java.PendingException();
}

]]></error>
    <system-out><![CDATA[
Scenario: Buscar y visualizar información de Ingeniería en Informática      &amp#27;[90m# src/test/resources/features/iplacex.feature:6&amp#27;[0m
  &amp#27;[33mGiven &amp#27;[0m&amp#27;[33mque estoy en la página principal de IPLACEX&amp#27;[0m
  &amp#27;[36mAnd &amp#27;[0m&amp#27;[36mhago clic en el enlace "Ver Carreras"&amp#27;[0m
  &amp#27;[36mAnd &amp#27;[0m&amp#27;[36mhago clic en el campo de búsqueda de carreras&amp#27;[0m
  &amp#27;[36mAnd &amp#27;[0m&amp#27;[36mescribo "Ingeniería en Informática" en el campo de búsqueda&amp#27;[0m
  &amp#27;[36mAnd &amp#27;[0m&amp#27;[36mpresiono Enter para realizar la búsqueda&amp#27;[0m
  &amp#27;[36mThen &amp#27;[0m&amp#27;[36mdebería ver los resultados de la carrera "Ingeniería en Informática"&amp#27;[0m
  &amp#27;[36mWhen &amp#27;[0m&amp#27;[36mhago clic en el enlace "Ver carrera" de Ingeniería en Informática&amp#27;[0m
  &amp#27;[36mThen &amp#27;[0m&amp#27;[36mdebería ver la página con información detallada de la carrera&amp#27;[0m
]]></system-out>
    <system-err><![CDATA[SLF4J: Failed to load class "org.slf4j.impl.StaticLoggerBinder".
SLF4J: Defaulting to no-operation (NOP) logger implementation
SLF4J: See http://www.slf4j.org/codes.html#StaticLoggerBinder for further details.
]]></system-err>
  </testcase>
  <testcase name="Ingreso de nombre de usuario con datos almacenados en BD" classname="Inicio de Sesión" time="2.992">
    <system-out><![CDATA[
Scenario: Ingreso de nombre de usuario con datos almacenados en BD &amp#27;[90m# src/test/resources/features/login.feature:3&amp#27;[0m
  &amp#27;[32mGiven &amp#27;[0m&amp#27;[32mel ejecutivo está en la página de inicio de sesión&amp#27;[0m         &amp#27;[90m# com.platinum.steps.LoginSteps.elEjecutivoEstaEnLaPaginaDeInicioDeSesion()&amp#27;[0m
  &amp#27;[32mWhen &amp#27;[0m&amp#27;[32mel ejecutivo ingresa &amp#27;[0m&amp#27;[32m&amp#27;[1m"12345678-9"&amp#27;[0m&amp#27;[32m y &amp#27;[0m&amp#27;[32m&amp#27;[1m"password123"&amp#27;[0m           &amp#27;[90m# com.platinum.steps.LoginSteps.elEjecutivoIngresaY(java.lang.String,java.lang.String)&amp#27;[0m
  &amp#27;[32mThen &amp#27;[0m&amp#27;[32mel ejecutivo debería ver la página principal&amp#27;[0m                &amp#27;[90m# com.platinum.steps.LoginSteps.elEjecutivoDeberiaVerLaPaginaPrincipal()&amp#27;[0m
]]></system-out>
  </testcase>
  <testcase name="Ingreso de nombre de usuario y password con datos erróneos" classname="Inicio de Sesión" time="2.785">
    <system-out><![CDATA[
Scenario: Ingreso de nombre de usuario y password con datos erróneos &amp#27;[90m# src/test/resources/features/login.feature:8&amp#27;[0m
  &amp#27;[32mGiven &amp#27;[0m&amp#27;[32mel ejecutivo está en la página de inicio de sesión&amp#27;[0m           &amp#27;[90m# com.platinum.steps.LoginSteps.elEjecutivoEstaEnLaPaginaDeInicioDeSesion()&amp#27;[0m
  &amp#27;[32mWhen &amp#27;[0m&amp#27;[32mel ejecutivo ingresa &amp#27;[0m&amp#27;[32m&amp#27;[1m"rut_invalido"&amp#27;[0m&amp#27;[32m y &amp#27;[0m&amp#27;[32m&amp#27;[1m"password_invalido"&amp#27;[0m     &amp#27;[90m# com.platinum.steps.LoginSteps.elEjecutivoIngresaY(java.lang.String,java.lang.String)&amp#27;[0m
  &amp#27;[32mThen &amp#27;[0m&amp#27;[32mel ejecutivo debería ver un mensaje de error&amp#27;[0m                  &amp#27;[90m# com.platinum.steps.LoginSteps.elEjecutivoDeberiaVerUnMensajeDeError()&amp#27;[0m
]]></system-out>
  </testcase>
</testsuite>